# Input: example_data/SRR650219_1.fastq.gz
# Input: example_data/SRR650219_2.fastq.gz
# Minimum depth cut-off: 2.75
# Minimum coverage cut-off: 0.8
# RD_name       Maximum_depth   Minimum_depth   Median_depth    #pos_pass_cutoff        #total_pos      %pos_pass_cutoff        Prediction
RD9_1   0       0       0       0       1230    0.00    A
RD711_2 30      3       18      888     888     1.00    P
RD702_3 37      16      25      726     726     1.00    P
RD4_4   54      15      29      1291    1291    1.00    P
RD1bcg_5        48      4       31      4332    4332    1.00    P
RD1mic_6        43      4       31      1179    1179    1.00    P
RD2seal_7       52      18      36      883     883     1.00    P
RD2bcg_8        53      12      26      1562    1562    1.00    P
RD7_9   0       0       0       0       763     0.00    A
RD8_10  0       0       0       0       950     0.00    A
RD10_11 0       0       0       0       486     0.00    A
RD12bovis_12    0       0       0       0       931     0.00    A
RD12can_13      234     106     199     564     564     1.00    P
RD105_14        44      15      32      619     619     1.00    P
RD239_15        54      17      34      843     843     1.00    P
RD750_16        29      15      25      82      82      1.00    P
RD142_17        44      20      32      594     594     1.00    P
RD150_18        54      12      28      2488    2488    1.00    P
RD181_19        44      20      29      264     264     1.00    P
RD207_20        61      13      31      2200    2200    1.00    P
RD115_21        49      4       21      2201    2201    1.00    P
RD122_22        32      5       19      1172    1172    1.00    P
RD174_23        43      18      30      835     835     1.00    P
RD182_24        46      14      30      1241    1241    1.00    P
RD183_25        52      12      30      2918    2918    1.00    P
RD193_26        36      14      25      502     502     1.00    P
RD219_27        49      0       25      1164    1223    0.95    P
RD724_28        41      16      32      1128    1128    1.00    P
RD726_29        37      11      27      480     480     1.00    P
RD761_30        38      11      28      425     425     1.00    P
7bp_pks15.1     --      --      --      --      --      {'6': 17}       6D
